<?xml version="1.0" encoding="utf-8"?><testsuites name="pytest tests"><testsuite name="pytest" errors="0" failures="0" skipped="0" tests="12" time="3.934" timestamp="2026-09-23T12:41:29.606940+00:00" hostname="agent-env-cd66b868-a432-4eaa-8635-ae3cb05910df"><testcase classname="tests.test_phase2_calendar_workload_demo" name="test_only_three_users_exist" time="0.871" /><testcase classname="tests.test_phase2_calendar_workload_demo" name="test_no_leads_refer_to_deleted_users" time="0.285" /><testcase classname="tests.test_phase2_calendar_workload_demo" name="test_calendar_manager_sees_team" time="0.130" /><testcase classname="tests.test_phase2_calendar_workload_demo" name="test_calendar_manager_employee_filter" time="0.508" /><testcase classname="tests.test_phase2_calendar_workload_demo" name="test_calendar_employee_sees_only_own" time="0.205" /><testcase classname="tests.test_phase2_calendar_workload_demo" name="test_workload_manager_ok" time="0.144" /><testcase classname="tests.test_phase2_calendar_workload_demo" name="test_workload_employee_forbidden" time="0.142" /><testcase classname="tests.test_phase2_calendar_workload_demo" name="test_demo_schedule_and_complete_flow" time="0.868" /><testcase classname="tests.test_phase2_calendar_workload_demo" name="test_demo_schedule_requires_active_presenter" time="0.127" /><testcase classname="tests.test_phase2_calendar_workload_demo" name="test_employee_cannot_access_team_performance" time="0.175" /><testcase classname="tests.test_phase2_calendar_workload_demo" name="test_employee_cannot_access_audit" time="0.280" /><testcase classname="tests.test_phase2_calendar_workload_demo" name="test_notifications_unread_count" time="0.127" /></testsuite></testsuites>