<?xml version="1.0" encoding="utf-8"?><testsuites name="pytest tests"><testsuite name="pytest" errors="0" failures="0" skipped="0" tests="9" time="5.150" timestamp="2026-09-23T12:23:36.665442+00:00" hostname="agent-env-cd66b868-a432-4eaa-8635-ae3cb05910df"><testcase classname="tests.test_employee_workspace" name="test_employee_perf_team_forbidden" time="0.536" /><testcase classname="tests.test_employee_workspace" name="test_employee_audit_forbidden" time="0.134" /><testcase classname="tests.test_employee_workspace" name="test_employee_leads_scoped" time="0.186" /><testcase classname="tests.test_employee_workspace" name="test_employee_perf_me_self" time="0.145" /><testcase classname="tests.test_employee_workspace" name="test_manager_perf_team_ok" time="0.645" /><testcase classname="tests.test_employee_workspace" name="test_manager_audit_ok" time="0.163" /><testcase classname="tests.test_employee_workspace" name="test_admin_dashboards" time="0.783" /><testcase classname="tests.test_employee_workspace" name="test_employee_tasks_scoped" time="0.136" /><testcase classname="tests.test_employee_workspace" name="test_manager_to_employee_handover_roundtrip" time="2.354" /></testsuite></testsuites>