<?xml version="1.0" encoding="utf-8"?><testsuites name="pytest tests"><testsuite name="pytest" errors="0" failures="1" skipped="0" tests="14" time="31.705" timestamp="2026-09-24T10:11:25.405766+00:00" hostname="agent-env-cd66b868-a432-4eaa-8635-ae3cb05910df"><testcase classname="tests.test_iteration9_reports" name="test_reports_periods[day]" time="27.083" /><testcase classname="tests.test_iteration9_reports" name="test_reports_periods[week]" time="0.121" /><testcase classname="tests.test_iteration9_reports" name="test_reports_periods[month]" time="0.125" /><testcase classname="tests.test_iteration9_reports" name="test_reports_periods[quarter]" time="0.132" /><testcase classname="tests.test_iteration9_reports" name="test_reports_periods[year]" time="0.120" /><testcase classname="tests.test_iteration9_reports" name="test_reports_custom_range" time="0.116" /><testcase classname="tests.test_iteration9_reports" name="test_reports_custom_narrow_range" time="0.116" /><testcase classname="tests.test_iteration9_reports" name="test_manager_employee_filter" time="0.355" /><testcase classname="tests.test_iteration9_reports" name="test_manager_team_filter" time="0.165" /><testcase classname="tests.test_iteration9_reports" name="test_employee_scope_isolated" time="1.979"><failure message="assert 7 == 6">backend/tests/test_iteration9_reports.py:122: in test_employee_scope_isolated
    assert r_emp["sales"]["leads"] == r_mgr_priya["sales"]["leads"]
E   assert 7 == 6</failure></testcase><testcase classname="tests.test_iteration9_reports" name="test_employee_cannot_widen_scope" time="0.377" /><testcase classname="tests.test_iteration9_reports" name="test_employee_can_access_reports_endpoint" time="0.116" /><testcase classname="tests.test_iteration9_reports" name="test_sales_totals_consistency" time="0.153" /><testcase classname="tests.test_iteration9_reports" name="test_regression_existing_chart_arrays" time="0.117" /></testsuite></testsuites>