<?xml version="1.0" encoding="utf-8"?><testsuites name="pytest tests"><testsuite name="pytest" errors="0" failures="0" skipped="0" tests="18" time="26.376" timestamp="2026-09-24T05:27:36.437047+00:00" hostname="agent-env-cd66b868-a432-4eaa-8635-ae3cb05910df"><testcase classname="tests.test_iteration8_gap_closure.TestReasonEnforcement" name="test_stage_change_rejects_empty" time="1.223" /><testcase classname="tests.test_iteration8_gap_closure.TestReasonEnforcement" name="test_stage_change_rejects_other_without_notes" time="0.360" /><testcase classname="tests.test_iteration8_gap_closure.TestReasonEnforcement" name="test_stage_change_accepts_valid_reason" time="0.228" /><testcase classname="tests.test_iteration8_gap_closure.TestReasonEnforcement" name="test_put_lead_requires_reason_on_lost" time="0.355" /><testcase classname="tests.test_iteration8_gap_closure.TestPaymentReason" name="test_not_paid_requires_reason" time="0.247" /><testcase classname="tests.test_iteration8_gap_closure.TestPaymentReason" name="test_not_paid_with_reason_succeeds_and_persists" time="0.354" /><testcase classname="tests.test_iteration8_gap_closure.TestAuditReason" name="test_stage_audit_captures_reason" time="0.366" /><testcase classname="tests.test_iteration8_gap_closure.TestAuditReason" name="test_updated_by_stored_on_update" time="0.359" /><testcase classname="tests.test_iteration8_gap_closure.TestArchive" name="test_archive_toggle_and_list_filtering" time="0.621" /><testcase classname="tests.test_iteration8_gap_closure.TestLeadIdSearch" name="test_search_endpoint_by_id" time="0.266" /><testcase classname="tests.test_iteration8_gap_closure.TestLeadIdSearch" name="test_list_search_param_by_id" time="0.231" /><testcase classname="tests.test_iteration8_gap_closure.TestSorting" name="test_sort_name_asc" time="0.129" /><testcase classname="tests.test_iteration8_gap_closure.TestSorting" name="test_sort_updated_at" time="0.121" /><testcase classname="tests.test_iteration8_gap_closure.TestOtherStage" name="test_other_stage_in_options" time="0.114" /><testcase classname="tests.test_iteration8_gap_closure.TestReassignPreview" name="test_reassign_preview_keys" time="0.453" /><testcase classname="tests.test_iteration8_gap_closure.TestRBAC" name="test_employee_403_team_endpoints" time="0.356" /><testcase classname="tests.test_iteration8_gap_closure.TestNamedWorkflow" name="test_manager_assigns_followup_to_employee" time="20.166" /><testcase classname="tests.test_iteration8_gap_closure.TestFollowUpsView" name="test_followups_scope_employee" time="0.343" /></testsuite></testsuites>