<?xml version="1.0" encoding="utf-8"?><testsuites name="pytest tests"><testsuite name="pytest" errors="0" failures="0" skipped="0" tests="15" time="11.364" timestamp="2026-09-23T11:35:02.249923+00:00" hostname="agent-env-cd66b868-a432-4eaa-8635-ae3cb05910df"><testcase classname="tests.test_phase1_workflow.TestHandover" name="test_handover_followup_creates_task_and_notification" time="2.557" /><testcase classname="tests.test_phase1_workflow.TestHandover" name="test_handover_owner_updates_ownership_records_audit" time="0.771" /><testcase classname="tests.test_phase1_workflow.TestHandover" name="test_employee_cannot_reassign_owner" time="0.398" /><testcase classname="tests.test_phase1_workflow.TestTimeline" name="test_timeline_human_readable_events" time="0.970" /><testcase classname="tests.test_phase1_workflow.TestExpectedVersion" name="test_stale_version_returns_409_conflict" time="0.764" /><testcase classname="tests.test_phase1_workflow.TestExpectedVersion" name="test_matching_version_updates_ok" time="0.699" /><testcase classname="tests.test_phase1_workflow.TestNotifications" name="test_unread_count_and_mark_read" time="1.676" /><testcase classname="tests.test_phase1_workflow.TestNotifications" name="test_notifications_scoped_to_user" time="0.152" /><testcase classname="tests.test_phase1_workflow.TestTaskCompletionFlow" name="test_complete_handover_task_notifies_assigner_and_logs_activity" time="1.583" /><testcase classname="tests.test_phase1_workflow.TestReasonsEnforcement" name="test_negative_status_requires_reason[Not Interested]" time="0.617" /><testcase classname="tests.test_phase1_workflow.TestReasonsEnforcement" name="test_negative_status_requires_reason[Lost]" time="0.539" /><testcase classname="tests.test_phase1_workflow.TestSecurityRegression" name="test_employee_forbidden_manager_endpoints[/performance/team]" time="0.123" /><testcase classname="tests.test_phase1_workflow.TestSecurityRegression" name="test_employee_forbidden_manager_endpoints[/audit]" time="0.121" /><testcase classname="tests.test_phase1_workflow.TestSecurityRegression" name="test_unapproved_email_still_403" time="0.140" /><testcase classname="tests.test_phase1_workflow.TestTaskAssigneeList" name="test_manager_users_list_includes_all_active_roles" time="0.109" /></testsuite></testsuites>