<?xml version="1.0" encoding="utf-8"?><testsuites name="pytest tests"><testsuite name="pytest" errors="0" failures="0" skipped="0" tests="42" time="15.654" timestamp="2026-09-23T10:06:02.422727+00:00" hostname="agent-env-cd66b868-a432-4eaa-8635-ae3cb05910df"><testcase classname="tests.backend_test.TestAuth" name="test_request_otp_returns_dev_code" time="0.511" /><testcase classname="tests.backend_test.TestAuth" name="test_verify_otp_success" time="0.418" /><testcase classname="tests.backend_test.TestAuth" name="test_unapproved_email_rejected" time="0.118" /><testcase classname="tests.backend_test.TestAuth" name="test_wrong_otp" time="0.360" /><testcase classname="tests.backend_test.TestAuth" name="test_otp_single_use" time="0.442" /><testcase classname="tests.backend_test.TestAuth" name="test_me_requires_token" time="0.128" /><testcase classname="tests.backend_test.TestDeactivationGating" name="test_deactivated_user_cannot_request_otp" time="0.866" /><testcase classname="tests.backend_test.TestRoleScoping" name="test_manager_sees_all_leads" time="0.111" /><testcase classname="tests.backend_test.TestRoleScoping" name="test_admin_sees_all_leads" time="0.579" /><testcase classname="tests.backend_test.TestRoleScoping" name="test_employee_sees_only_own" time="0.585" /><testcase classname="tests.backend_test.TestRoleScoping" name="test_employee_cannot_read_others_lead" time="0.882" /><testcase classname="tests.backend_test.TestGlobalSearch" name="test_employee_global_search_cross_team" time="0.254" /><testcase classname="tests.backend_test.TestManagerOnly" name="test_employee_forbidden[get-/performance/team-None]" time="0.110" /><testcase classname="tests.backend_test.TestManagerOnly" name="test_employee_forbidden[get-/audit-None]" time="0.152" /><testcase classname="tests.backend_test.TestManagerOnly" name="test_employee_forbidden[get-/export/leads.csv-None]" time="0.119" /><testcase classname="tests.backend_test.TestManagerOnly" name="test_employee_forbidden[post-/users-body3]" time="0.146" /><testcase classname="tests.backend_test.TestManagerOnly" name="test_employee_forbidden[post-/options-body4]" time="0.133" /><testcase classname="tests.backend_test.TestManagerOnly" name="test_employee_cannot_patch_option" time="0.267" /><testcase classname="tests.backend_test.TestDuplicates" name="test_check_duplicate_normalizes_phone" time="0.135" /><testcase classname="tests.backend_test.TestDuplicates" name="test_create_lead_duplicate_phone_409" time="0.276" /><testcase classname="tests.backend_test.TestDuplicates" name="test_create_lead_new_phone_ok" time="0.589" /><testcase classname="tests.backend_test.TestConfig" name="test_admin_add_archive_option" time="0.591" /><testcase classname="tests.backend_test.TestConfig" name="test_add_stage_and_use" time="0.473" /><testcase classname="tests.backend_test.TestLostReason" name="test_lost_requires_reason" time="0.521" /><testcase classname="tests.backend_test.TestActivities" name="test_activity_updates_last_interaction" time="0.342" /><testcase classname="tests.backend_test.TestActivities" name="test_activity_forbidden_on_unowned_lead" time="0.243" /><testcase classname="tests.backend_test.TestAssignment" name="test_reassign_owner_changes_access" time="0.890" /><testcase classname="tests.backend_test.TestAudit" name="test_manager_audit_and_status_change" time="0.465" /><testcase classname="tests.backend_test.TestTasks" name="test_task_lifecycle" time="0.630" /><testcase classname="tests.backend_test.TestReminders" name="test_employee_preview" time="0.130" /><testcase classname="tests.backend_test.TestReminders" name="test_employee_cannot_run" time="0.122" /><testcase classname="tests.backend_test.TestReminders" name="test_manager_run" time="0.282" /><testcase classname="tests.backend_test.TestReminders" name="test_admin_run" time="0.237" /><testcase classname="tests.backend_test.TestCustomFields" name="test_admin_create_list_archive" time="0.983" /><testcase classname="tests.backend_test.TestCustomFields" name="test_lead_custom_persist" time="0.679" /><testcase classname="tests.backend_test.TestLeadFilters" name="test_filter_status_converted" time="0.115" /><testcase classname="tests.backend_test.TestLeadFilters" name="test_filter_status_interested" time="0.114" /><testcase classname="tests.backend_test.TestLeadFilters" name="test_filter_followup_overdue" time="0.117" /><testcase classname="tests.backend_test.TestImport" name="test_employee_forbidden_parse" time="0.135" /><testcase classname="tests.backend_test.TestImport" name="test_employee_forbidden_commit" time="0.154" /><testcase classname="tests.backend_test.TestImport" name="test_manager_parse_and_commit" time="0.948" /><testcase classname="tests.backend_test.TestExport" name="test_manager_csv" time="0.106" /></testsuite></testsuites>